<?xml version="1.0" encoding="UTF-8"?>
<!-- Generated by org.testng.reporters.JUnitReportReporter -->
<testsuite hostname="anshulmadan01" failures="0" tests="2" name="com.assignment.Backend.VerifyTeamSelectionE2E" time="0.173" errors="0" timestamp="2022-09-21T10:46:41 BST" skipped="0">
  <testcase classname="com.assignment.Backend.VerifyTeamSelectionE2E" name="validateOnlyForeignMembers" time="0.004"/>
  <system-out/>
  <testcase classname="com.assignment.Backend.VerifyTeamSelectionE2E" name="validateOneWicketKeeper" time="0.169"/>
  <system-out/>
</testsuite> <!-- com.assignment.Backend.VerifyTeamSelectionE2E -->
