<?xml version="1.0" encoding="UTF-8"?>
<!-- Generated by org.testng.reporters.JUnitReportReporter -->
<testsuite skipped="0" hostname="anshulmadan01" name="com.assignment.Backend.VerifyTeamSelectionE2E" tests="2" failures="0" timestamp="2022-09-21T11:26:27 BST" time="0.157" errors="0">
  <testcase name="validateOneWicketKeeper" time="0.154" classname="com.assignment.Backend.VerifyTeamSelectionE2E"/>
  <system-out/>
  <testcase name="validateOnlyForeignMembers" time="0.003" classname="com.assignment.Backend.VerifyTeamSelectionE2E"/>
  <system-out/>
</testsuite> <!-- com.assignment.Backend.VerifyTeamSelectionE2E -->
